<?xml version="1.0" encoding="UTF-8"?>
<!-- Generated by org.testng.reporters.JUnitReportReporter -->
<testsuite hostname="DESKTOP-C75M3F7" failures="0" tests="1" name="openOrangeCRM.login" time="19.124" errors="0" timestamp="2024-06-08T12:27:19 CAT" skipped="0">
  <testcase classname="openOrangeCRM.login" name="loginTest" time="19.124"/>
</testsuite> <!-- openOrangeCRM.login -->
