<?xml version="1.0" encoding="UTF-8"?>
<!-- Generated by org.testng.reporters.JUnitReportReporter -->
<testsuite hostname="DESKTOP-C75M3F7" failures="0" tests="1" name="openOrangeCRM.login" time="0.859" errors="0" timestamp="2024-06-08T19:28:57 CAT" skipped="0">
  <testcase classname="openOrangeCRM.login" name="clickFeature" time="0.859"/>
</testsuite> <!-- openOrangeCRM.login -->
